<?xml version="1.0" encoding="UTF-8"?>
<!-- Generated by org.testng.reporters.JUnitXMLReporter -->
<testsuite ignored="0" hostname="DESKTOP-83NNR9O" failures="0" tests="4" name="Test" time="173.413" errors="0" timestamp="2023-10-12T21:46:16 IST">
  <testcase classname="com.test.cases.ShoppingDestination" name="shpProcess" time="20.246"/>
  <testcase classname="com.test.cases.ShoppingItem" name="writeItemName" time="4.242"/>
  <testcase classname="com.test.cases.SelectItem" name="toSelectItem" time="18.301"/>
  <testcase classname="com.test.cases.AddToCart" name="toProceedShopping" time="130.528"/>
</testsuite> <!-- Test -->
